<?xml version="1.0" encoding="UTF-8"?>
<testng-results ignored="0" total="1" passed="1" failed="0" skipped="0">
  <reporter-output>
  </reporter-output>
  <suite started-at="2026-09-18T22:24:08 WAT" name="Suite" finished-at="2026-09-18T22:24:14 WAT" duration-ms="6083">
    <groups>
    </groups>
    <test started-at="2026-09-18T22:24:08 WAT" name="Test" finished-at="2026-09-18T22:24:14 WAT" duration-ms="6083">
      <class name="com.todos.tests.AddTodosTest">
        <test-method is-config="true" signature="setupTest(java.lang.String)[pri:0, instance:com.todos.tests.AddTodosTest@5fe94a96]" started-at="2026-09-18T22:24:08 WAT" name="setupTest" finished-at="2026-09-18T22:24:14 WAT" duration-ms="5868" status="PASS">
          <params>
            <param index="0">
              <value>
                <![CDATA[chrome]]>
              </value>
            </param>
          </params>
          <reporter-output>
          </reporter-output>
        </test-method> <!-- setupTest -->
        <test-method signature="iCanAddTodos()[pri:1, instance:com.todos.tests.AddTodosTest@5fe94a96]" started-at="2026-09-18T22:24:14 WAT" name="iCanAddTodos" finished-at="2026-09-18T22:24:14 WAT" duration-ms="181" status="PASS">
          <reporter-output>
          </reporter-output>
        </test-method> <!-- iCanAddTodos -->
        <test-method is-config="true" signature="cleanTest()[pri:0, instance:com.todos.tests.AddTodosTest@5fe94a96]" started-at="2026-09-18T22:24:14 WAT" name="cleanTest" finished-at="2026-09-18T22:24:14 WAT" duration-ms="0" status="PASS">
          <reporter-output>
          </reporter-output>
        </test-method> <!-- cleanTest -->
      </class> <!-- com.todos.tests.AddTodosTest -->
    </test> <!-- Test -->
  </suite> <!-- Suite -->
</testng-results>
